# JRE version: OpenJDK Runtime Environment (8.0_152-b01) (build 1.8.0_152-release-915-b01)
# Java VM: OpenJDK 64-Bit Server VM (25.152-b01 mixed mode windows-amd64 compressed oops)
Heap:
 PSYoungGen      total 60928K, used 19755K [0x00000000e0000000, 0x00000000e4700000, 0x0000000100000000)
  eden space 50688K, 21% used [0x00000000e0000000,0x00000000e0ab9e58,0x00000000e3180000)
  from space 10240K, 85% used [0x00000000e3180000,0x00000000e3a10ea0,0x00000000e3b80000)
  to   space 10752K, 0% used [0x00000000e3b80000,0x00000000e3b80000,0x00000000e4600000)
 ParOldGen       total 63488K, used 8837K [0x00000000a0000000, 0x00000000a3e00000, 0x00000000e0000000)
  object space 63488K, 13% used [0x00000000a0000000,0x00000000a08a1530,0x00000000a3e00000)
 Metaspace       used 31291K, capacity 32016K, committed 32384K, reserved 1077248K
  class space    used 4326K, capacity 4613K, committed 4736K, reserved 1048576K
GC Heap History (10 events):
Event: 8.856 GC heap before
{Heap before GC invocations=4 (full 0):
 PSYoungGen      total 38400K, used 34956K [0x00000000e0000000, 0x00000000e2a80000, 0x0000000100000000)
  eden space 33280K, 89% used [0x00000000e0000000,0x00000000e1d28880,0x00000000e2080000)
  from space 5120K, 99% used [0x00000000e2080000,0x00000000e257a8f8,0x00000000e2580000)
  to   space 5120K, 0% used [0x00000000e2580000,0x00000000e2580000,0x00000000e2a80000)
 ParOldGen       total 87552K, used 3654K [0x00000000a0000000, 0x00000000a5580000, 0x00000000e0000000)
  object space 87552K, 4% used [0x00000000a0000000,0x00000000a0391bb8,0x00000000a5580000)
 Metaspace       used 20721K, capacity 21112K, committed 21248K, reserved 1067008K
  class space    used 2864K, capacity 3035K, committed 3072K, reserved 1048576K
Event: 8.867 GC heap after
Heap after GC invocations=4 (full 0):
 PSYoungGen      total 38400K, used 5104K [0x00000000e0000000, 0x00000000e2a80000, 0x0000000100000000)
  eden space 33280K, 0% used [0x00000000e0000000,0x00000000e0000000,0x00000000e2080000)
  from space 5120K, 99% used [0x00000000e2580000,0x00000000e2a7c040,0x00000000e2a80000)
  to   space 5120K, 0% used [0x00000000e2080000,0x00000000e2080000,0x00000000e2580000)
 ParOldGen       total 87552K, used 7592K [0x00000000a0000000, 0x00000000a5580000, 0x00000000e0000000)
  object space 87552K, 8% used [0x00000000a0000000,0x00000000a076a178,0x00000000a5580000)
 Metaspace       used 20721K, capacity 21112K, committed 21248K, reserved 1067008K
  class space    used 2864K, capacity 3035K, committed 3072K, reserved 1048576K
}
Event: 8.867 GC heap before
{Heap before GC invocations=5 (full 1):
 PSYoungGen      total 38400K, used 5104K [0x00000000e0000000, 0x00000000e2a80000, 0x0000000100000000)
  eden space 33280K, 0% used [0x00000000e0000000,0x00000000e0000000,0x00000000e2080000)
  from space 5120K, 99% used [0x00000000e2580000,0x00000000e2a7c040,0x00000000e2a80000)
  to   space 5120K, 0% used [0x00000000e2080000,0x00000000e2080000,0x00000000e2580000)
 ParOldGen       total 87552K, used 7592K [0x00000000a0000000, 0x00000000a5580000, 0x00000000e0000000)
  object space 87552K, 8% used [0x00000000a0000000,0x00000000a076a178,0x00000000a5580000)
 Metaspace       used 20721K, capacity 21112K, committed 21248K, reserved 1067008K
  class space    used 2864K, capacity 3035K, committed 3072K, reserved 1048576K
Event: 8.916 GC heap after
Heap after GC invocations=5 (full 1):
 PSYoungGen      total 38400K, used 0K [0x00000000e0000000, 0x00000000e2a80000, 0x0000000100000000)
  eden space 33280K, 0% used [0x00000000e0000000,0x00000000e0000000,0x00000000e2080000)
  from space 5120K, 0% used [0x00000000e2580000,0x00000000e2580000,0x00000000e2a80000)
  to   space 5120K, 0% used [0x00000000e2080000,0x00000000e2080000,0x00000000e2580000)
 ParOldGen       total 63488K, used 8821K [0x00000000a0000000, 0x00000000a3e00000, 0x00000000e0000000)
  object space 63488K, 13% used [0x00000000a0000000,0x00000000a089d530,0x00000000a3e00000)
 Metaspace       used 20721K, capacity 21112K, committed 21248K, reserved 1067008K
  class space    used 2864K, capacity 3035K, committed 3072K, reserved 1048576K
}
Event: 9.855 GC heap before
{Heap before GC invocations=6 (full 1):
 PSYoungGen      total 38400K, used 33280K [0x00000000e0000000, 0x00000000e2a80000, 0x0000000100000000)
  eden space 33280K, 100% used [0x00000000e0000000,0x00000000e2080000,0x00000000e2080000)
  from space 5120K, 0% used [0x00000000e2580000,0x00000000e2580000,0x00000000e2a80000)
  to   space 5120K, 0% used [0x00000000e2080000,0x00000000e2080000,0x00000000e2580000)
 ParOldGen       total 63488K, used 8821K [0x00000000a0000000, 0x00000000a3e00000, 0x00000000e0000000)
  object space 63488K, 13% used [0x00000000a0000000,0x00000000a089d530,0x00000000a3e00000)
 Metaspace       used 23448K, capacity 23802K, committed 24064K, reserved 1071104K
  class space    used 3167K, capacity 3308K, committed 3328K, reserved 1048576K
Event: 9.859 GC heap after
Heap after GC invocations=6 (full 1):
 PSYoungGen      total 38400K, used 3699K [0x00000000e0000000, 0x00000000e4600000, 0x0000000100000000)
  eden space 33280K, 0% used [0x00000000e0000000,0x00000000e0000000,0x00000000e2080000)
  from space 5120K, 72% used [0x00000000e2080000,0x00000000e241cd98,0x00000000e2580000)
  to   space 10752K, 0% used [0x00000000e3b80000,0x00000000e3b80000,0x00000000e4600000)
 ParOldGen       total 63488K, used 8829K [0x00000000a0000000, 0x00000000a3e00000, 0x00000000e0000000)
  object space 63488K, 13% used [0x00000000a0000000,0x00000000a089f530,0x00000000a3e00000)
 Metaspace       used 23448K, capacity 23802K, committed 24064K, reserved 1071104K
  class space    used 3167K, capacity 3308K, committed 3328K, reserved 1048576K
}
Event: 11.632 GC heap before
{Heap before GC invocations=7 (full 1):
 PSYoungGen      total 38400K, used 36979K [0x00000000e0000000, 0x00000000e4600000, 0x0000000100000000)
  eden space 33280K, 100% used [0x00000000e0000000,0x00000000e2080000,0x00000000e2080000)
  from space 5120K, 72% used [0x00000000e2080000,0x00000000e241cd98,0x00000000e2580000)
  to   space 10752K, 0% used [0x00000000e3b80000,0x00000000e3b80000,0x00000000e4600000)
 ParOldGen       total 63488K, used 8829K [0x00000000a0000000, 0x00000000a3e00000, 0x00000000e0000000)
  object space 63488K, 13% used [0x00000000a0000000,0x00000000a089f530,0x00000000a3e00000)
 Metaspace       used 25763K, capacity 26202K, committed 26368K, reserved 1071104K
  class space    used 3545K, capacity 3742K, committed 3840K, reserved 1048576K
Event: 11.651 GC heap after
Heap after GC invocations=7 (full 1):
 PSYoungGen      total 61440K, used 5324K [0x00000000e0000000, 0x00000000e4700000, 0x0000000100000000)
  eden space 50688K, 0% used [0x00000000e0000000,0x00000000e0000000,0x00000000e3180000)
  from space 10752K, 49% used [0x00000000e3b80000,0x00000000e40b3008,0x00000000e4600000)
  to   space 10240K, 0% used [0x00000000e3180000,0x00000000e3180000,0x00000000e3b80000)
 ParOldGen       total 63488K, used 8829K [0x00000000a0000000, 0x00000000a3e00000, 0x00000000e0000000)
  object space 63488K, 13% used [0x00000000a0000000,0x00000000a089f530,0x00000000a3e00000)
 Metaspace       used 25763K, capacity 26202K, committed 26368K, reserved 1071104K
  class space    used 3545K, capacity 3742K, committed 3840K, reserved 1048576K
}
Event: 13.392 GC heap before
{Heap before GC invocations=8 (full 1):
 PSYoungGen      total 61440K, used 56012K [0x00000000e0000000, 0x00000000e4700000, 0x0000000100000000)
  eden space 50688K, 100% used [0x00000000e0000000,0x00000000e3180000,0x00000000e3180000)
  from space 10752K, 49% used [0x00000000e3b80000,0x00000000e40b3008,0x00000000e4600000)
  to   space 10240K, 0% used [0x00000000e3180000,0x00000000e3180000,0x00000000e3b80000)
 ParOldGen       total 63488K, used 8829K [0x00000000a0000000, 0x00000000a3e00000, 0x00000000e0000000)
  object space 63488K, 13% used [0x00000000a0000000,0x00000000a089f530,0x00000000a3e00000)
 Metaspace       used 29317K, capacity 29962K, committed 30336K, reserved 1075200K
  class space    used 4098K, capacity 4356K, committed 4480K, reserved 1048576K
Event: 13.418 GC heap after
Heap after GC invocations=8 (full 1):
 PSYoungGen      total 60928K, used 8771K [0x00000000e0000000, 0x00000000e4700000, 0x0000000100000000)
  eden space 50688K, 0% used [0x00000000e0000000,0x00000000e0000000,0x00000000e3180000)
  from space 10240K, 85% used [0x00000000e3180000,0x00000000e3a10ea0,0x00000000e3b80000)
  to   space 10752K, 0% used [0x00000000e3b80000,0x00000000e3b80000,0x00000000e4600000)
 ParOldGen       total 63488K, used 8837K [0x00000000a0000000, 0x00000000a3e00000, 0x00000000e0000000)
  object space 63488K, 13% used [0x00000000a0000000,0x00000000a08a1530,0x00000000a3e00000)
 Metaspace       used 29317K, capacity 29962K, committed 30336K, reserved 1075200K
  class space    used 4098K, capacity 4356K, committed 4480K, reserved 1048576K
}

